# JRE version: OpenJDK Runtime Environment (24.0.2+12) (build 24.0.2+12-54)
# Java VM: OpenJDK 64-Bit Server VM (24.0.2+12-54, mixed mode, sharing, tiered, compressed oops, compressed class ptrs, g1 gc, linux-amd64)
GC Precious Log:
 CardTable entry size: 512
 Card Set container configuration: InlinePtr #cards 4 size 8 Array Of Cards #cards 32 size 80 Howl #buckets 8 coarsen threshold 7372 Howl Bitmap #cards 1024 size 144 coarsen threshold 921 Card regions per heap region 1 cards per card region 8192
 CPUs: 16 total, 16 available
 Memory: 31400M
 Large Page Support: Disabled
 NUMA Support: Disabled
 Compressed Oops: Enabled (Zero based)
 Heap Region Size: 4M
 Heap Min Capacity: 8M
 Heap Initial Capacity: 492M
 Heap Max Capacity: 7852M
 Pre-touch: Disabled
 Parallel Workers: 13
 Concurrent Workers: 3
 Concurrent Refinement Workers: 13
 Periodic GC: Disabled
Heap:
 garbage-first heap   total reserved 8040448K, committed 122880K, used 20197K [0x0000000615400000, 0x0000000800000000)
  region size 4096K, 5 young (20480K), 4 survivors (16384K)
 Metaspace       used 29506K, committed 29888K, reserved 1114112K
  class space    used 2887K, committed 3072K, reserved 1048576K
GC Heap History (6 events):
Event: 0.524 GC heap before
{Heap before GC invocations=0 (full 0):
 garbage-first heap   total reserved 8040448K, committed 507904K, used 50277K [0x0000000615400000, 0x0000000800000000)
  region size 4096K, 12 young (49152K), 0 survivors (0K)
 Metaspace       used 9803K, committed 9984K, reserved 1114112K
  class space    used 881K, committed 960K, reserved 1048576K
}
Event: 0.526 GC heap after
{Heap after GC invocations=1 (full 0):
 garbage-first heap   total reserved 8040448K, committed 507904K, used 5788K [0x0000000615400000, 0x0000000800000000)
  region size 4096K, 2 young (8192K), 2 survivors (8192K)
 Metaspace       used 9803K, committed 9984K, reserved 1114112K
  class space    used 881K, committed 960K, reserved 1048576K
}
Event: 1.437 GC heap before
{Heap before GC invocations=1 (full 0):
 garbage-first heap   total reserved 8040448K, committed 507904K, used 108188K [0x0000000615400000, 0x0000000800000000)
  region size 4096K, 29 young (118784K), 2 survivors (8192K)
 Metaspace       used 21250K, committed 21504K, reserved 1114112K
  class space    used 2076K, committed 2176K, reserved 1048576K
}
Event: 1.444 GC heap after
{Heap after GC invocations=2 (full 0):
 garbage-first heap   total reserved 8040448K, committed 507904K, used 23540K [0x0000000615400000, 0x0000000800000000)
  region size 4096K, 6 young (24576K), 6 survivors (24576K)
 Metaspace       used 21250K, committed 21504K, reserved 1114112K
  class space    used 2076K, committed 2176K, reserved 1048576K
}
Event: 2.169 GC heap before
{Heap before GC invocations=3 (full 0):
 garbage-first heap   total reserved 8040448K, committed 98304K, used 93172K [0x0000000615400000, 0x0000000800000000)
  region size 4096K, 23 young (94208K), 6 survivors (24576K)
 Metaspace       used 29503K, committed 29888K, reserved 1114112K
  class space    used 2886K, committed 3072K, reserved 1048576K
}
Event: 2.176 GC heap after
{Heap after GC invocations=4 (full 0):
 garbage-first heap   total reserved 8040448K, committed 122880K, used 20197K [0x0000000615400000, 0x0000000800000000)
  region size 4096K, 4 young (16384K), 4 survivors (16384K)
 Metaspace       used 29503K, committed 29888K, reserved 1114112K
  class space    used 2886K, committed 3072K, reserved 1048576K
}

